<?xml version="1.0" encoding="UTF-8"?>
<!-- Generated by org.testng.reporters.JUnitReportReporter -->
<testsuite skipped="0" hostname="mohammedathera" name="DDT_Package.DDTExcel" tests="3" failures="0" timestamp="31 May 2020 15:26:18 GMT" time="42.839" errors="0">
  <testcase name="DemoProject" time="13.038" classname="DDT_Package.DDTExcel"/>
  <testcase name="DemoProject" time="13.041" classname="DDT_Package.DDTExcel"/>
  <testcase name="DemoProject" time="16.760" classname="DDT_Package.DDTExcel"/>
</testsuite> <!-- DDT_Package.DDTExcel -->
