<?xml version="1.0" encoding="UTF-8"?>
<!-- Generated by org.testng.reporters.JUnitReportReporter -->
<testsuite skipped="0" hostname="mohammedathera" name="KeywordDriven.Actions" tests="1" failures="0" timestamp="28 May 2020 06:25:12 GMT" time="13.777" errors="0">
  <testcase name="DemoProject" time="13.777" classname="KeywordDriven.Actions"/>
</testsuite> <!-- KeywordDriven.Actions -->
