<?xml version="1.0" encoding="UTF-8"?>
<!-- Generated by org.testng.reporters.JUnitReportReporter -->
<testsuite skipped="0" hostname="mohammedathera" name="DDT_Package.ValidLoginLogout" tests="1" failures="0" timestamp="28 May 2020 03:22:57 GMT" time="0.004" errors="0">
  <testcase name="verifyLoginWithValidCred" time="0.004" classname="DDT_Package.ValidLoginLogout"/>
</testsuite> <!-- DDT_Package.ValidLoginLogout -->
